<?xml version="1.0" encoding="UTF-8"?>
<!-- Generated by org.testng.reporters.JUnitXMLReporter -->
<testsuite ignored="0" hostname="NE46Rs" failures="0" tests="4" name="Default test" time="123.193" errors="0" timestamp="2024-09-01T15:34:10 IST">
  <testcase classname="OrangeHrmTest" name="openapp" time="110.349"/>
  <testcase classname="OrangeHrmTest" name="testlogo" time="6.616"/>
  <testcase classname="OrangeHrmTest" name="testlogin" time="3.075"/>
  <testcase classname="OrangeHrmTest" name="testlogout" time="2.976"/>
</testsuite> <!-- Default test -->
