<?xml version="1.0" encoding="UTF-8"?>
<!-- Generated by org.testng.reporters.JUnitXMLReporter -->
<testsuite ignored="6" hostname="NE46Rs" failures="0" tests="2" name="groupingtest" time="0.218" errors="0" timestamp="2024-09-04T16:24:18 IST">
  <testcase classname="testNG_grouping.Payment_tests" name="paymentInrupees" time="0.044"/>
  <testcase classname="testNG_grouping.Payment_tests" name="paymentIndoller" time="0.004"/>
  <testcase classname="testNG_grouping.SignUp_tests" name="signupByfacebook" time="0.0">
    <ignored/>
  </testcase> <!-- signupByfacebook -->
  <testcase classname="testNG_grouping.SignUp_tests" name="signupBytwitter" time="0.0">
    <ignored/>
  </testcase> <!-- signupBytwitter -->
  <testcase classname="testNG_grouping.SignUp_tests" name="signupByEmail" time="0.0">
    <ignored/>
  </testcase> <!-- signupByEmail -->
  <testcase classname="testNG_grouping.Login_tests" name="loginBytwitter" time="0.0">
    <ignored/>
  </testcase> <!-- loginBytwitter -->
  <testcase classname="testNG_grouping.Login_tests" name="loginByfacebook" time="0.0">
    <ignored/>
  </testcase> <!-- loginByfacebook -->
  <testcase classname="testNG_grouping.Login_tests" name="logniByEmail" time="0.0">
    <ignored/>
  </testcase> <!-- logniByEmail -->
</testsuite> <!-- groupingtest -->
