<?xml version="1.0" encoding="UTF-8"?>
<!-- Generated by org.testng.reporters.JUnitXMLReporter -->
<testsuite ignored="0" hostname="NE46Rs" failures="0" tests="3" name="Test3" time="172.792" errors="0" timestamp="2024-09-04T22:46:10 IST">
  <testcase classname="testNG_Parameterization.Parameter_Test" name="test_Logo" time="2.067"/>
  <testcase classname="testNG_Parameterization.Parameter_Test" name="test_Title" time="0.024"/>
  <testcase classname="testNG_Parameterization.Parameter_Test" name="test_Url" time="0.121"/>
</testsuite> <!-- Test3 -->
