<?xml version="1.0" encoding="UTF-8"?>
<!-- Generated by org.testng.reporters.JUnitXMLReporter -->
<testsuite ignored="0" hostname="NE46Rs" failures="0" tests="3" name="Test1" time="115.932" errors="0" timestamp="2024-09-04T22:45:13 IST">
  <testcase classname="testNG_Parameterization.Parameter_Test" name="test_Logo" time="7.914"/>
  <testcase classname="testNG_Parameterization.Parameter_Test" name="test_Title" time="0.132"/>
  <testcase classname="testNG_Parameterization.Parameter_Test" name="test_Url" time="0.023"/>
</testsuite> <!-- Test1 -->
