<?xml version="1.0" encoding="UTF-8"?>
<!-- Generated by org.testng.reporters.JUnitXMLReporter -->
<testsuite ignored="0" hostname="NE46Rs" failures="0" tests="3" name="Test" time="74.855" errors="0" timestamp="2024-09-04T22:23:56 IST">
  <testcase classname="testNG_Parameterization.Parameter_Test" name="test_Logo" time="1.136"/>
  <testcase classname="testNG_Parameterization.Parameter_Test" name="test_Title" time="0.542"/>
  <testcase classname="testNG_Parameterization.Parameter_Test" name="test_Url" time="0.326"/>
</testsuite> <!-- Test -->
