<?xml version="1.0" encoding="UTF-8"?>
<!-- Generated by org.testng.reporters.JUnitXMLReporter -->
<testsuite ignored="0" hostname="NE46Rs" failures="0" tests="7" name="my tests" time="40.679" errors="0" timestamp="2024-09-01T16:04:18 IST">
  <testcase classname="com.testNG.OrangeHrmTest" name="openapp" time="29.666"/>
  <testcase classname="com.testNG.OrangeHrmTest" name="testlogo" time="5.23"/>
  <testcase classname="com.testNG.OrangeHrmTest" name="testlogin" time="4.812"/>
  <testcase classname="com.testNG.OrangeHrmTest" name="testlogout" time="0.765"/>
  <testcase classname="com.testNG.FirstTestCase" name="openApp" time="0.005"/>
  <testcase classname="com.testNG.FirstTestCase" name="Login" time="0.003"/>
  <testcase classname="com.testNG.FirstTestCase" name="Logout" time="0.006"/>
</testsuite> <!-- my tests -->
